============================= test session starts ==============================
platform linux -- Python 3.11.2, pytest-7.2.1, pluggy-1.0.0+repack -- /usr/bin/python3
cachedir: .pytest_cache
rootdir: /media/q/ext6/github/MetaInformAnt, configfile: pyproject.toml
plugins: anyio-3.6.2
collecting ... collected 1430 items

tests/test_cli.py::test_module_invocation_shows_help PASSED              [  0%]
tests/test_core_cache.py::test_json_cache_roundtrip PASSED               [  0%]
tests/test_core_cache.py::test_json_cache_ttl_expired PASSED             [  0%]
tests/test_core_comprehensive.py::TestCoreCache::test_simple_json_cache PASSED [  0%]
tests/test_core_comprehensive.py::TestCoreCache::test_cache_with_ttl PASSED [  0%]
tests/test_core_comprehensive.py::TestCoreConfig::test_config_loading PASSED [  0%]
tests/test_core_comprehensive.py::TestCoreConfig::test_env_override PASSED [  0%]
tests/test_core_comprehensive.py::TestCoreDatabase::test_connection_string_building PASSED [  0%]
tests/test_core_comprehensive.py::TestCoreDatabase::test_safe_connection_params PASSED [  0%]
tests/test_core_comprehensive.py::TestCoreHashing::test_sha256_consistency PASSED [  0%]
tests/test_core_comprehensive.py::TestCoreHashing::test_file_hashing PASSED [  0%]
tests/test_core_comprehensive.py::TestCoreHashing::test_deterministic_seeding PASSED [  0%]
tests/test_core_comprehensive.py::TestCoreIO::test_json_with_compression FAILED [  0%]
tests/test_core_comprehensive.py::TestCoreIO::test_csv_operations FAILED [  0%]
tests/test_core_comprehensive.py::TestCoreIO::test_tsv_operations PASSED [  1%]
tests/test_core_comprehensive.py::TestCorePaths::test_path_expansion PASSED [  1%]
tests/test_core_comprehensive.py::TestCorePaths::test_safe_path_creation PASSED [  1%]
tests/test_core_comprehensive.py::TestCorePaths::test_path_validation PASSED [  1%]
tests/test_core_comprehensive.py::TestCorePaths::test_file_extension_handling PASSED [  1%]
tests/test_core_comprehensive.py::TestCoreText::test_advanced_slugify PASSED [  1%]
tests/test_core_comprehensive.py::TestCoreText::test_text_cleaning PASSED [  1%]
tests/test_core_comprehensive.py::TestCoreText::test_biological_text_processing PASSED [  1%]
tests/test_core_comprehensive.py::TestCoreLogging::test_logger_setup PASSED [  1%]
tests/test_core_comprehensive.py::TestCoreLogging::test_structured_logging PASSED [  1%]
tests/test_core_comprehensive.py::TestEnhancedCoreMethods::test_enhanced_hash_utilities PASSED [  1%]
tests/test_core_comprehensive.py::TestEnhancedCoreMethods::test_enhanced_path_utilities FAILED [  1%]
tests/test_core_comprehensive.py::TestEnhancedCoreMethods::test_enhanced_text_utilities PASSED [  1%]
tests/test_core_comprehensive.py::TestEnhancedCoreMethods::test_enhanced_cache_utilities PASSED [  1%]
tests/test_core_comprehensive.py::TestEnhancedCoreMethods::test_enhanced_io_utilities PASSED [  2%]
tests/test_core_comprehensive.py::TestEnhancedCoreMethods::test_enhanced_parallel_utilities PASSED [  2%]
tests/test_core_config.py::test_load_postgres_config_from_env_roundtrip PASSED [  2%]
tests/test_core_config.py::test_load_typed_env PASSED                    [  2%]
tests/test_core_db.py::TestDatabaseUtilities::test_build_postgres_url PASSED [  2%]
tests/test_core_db.py::TestDatabaseUtilities::test_build_postgres_url_different_port PASSED [  2%]
tests/test_core_db.py::TestDatabaseUtilities::test_sanitize_connection_params PASSED [  2%]
tests/test_core_db.py::TestDatabaseUtilities::test_sanitize_connection_params_non_string PASSED [  2%]
tests/test_core_db.py::TestDatabaseUtilities::test_sanitize_connection_params_sql_keywords PASSED [  2%]
tests/test_core_db.py::TestDatabaseConnection::test_get_db_client_with_config SKIPPED [  2%]
tests/test_core_db.py::TestDatabaseConnection::test_get_db_client_without_config PASSED [  2%]
tests/test_core_functionality.py::TestCoreIO::test_json_operations PASSED [  2%]
tests/test_core_functionality.py::TestCoreIO::test_text_processing PASSED [  2%]
tests/test_core_functionality.py::TestCoreIO::test_hash_operations PASSED [  2%]
tests/test_core_functionality.py::TestCoreIO::test_path_operations PASSED [  3%]
tests/test_core_functionality.py::TestDNAAnalysis::test_gc_content_calculation PASSED [  3%]
tests/test_core_functionality.py::TestDNAAnalysis::test_gc_skew_calculation PASSED [  3%]
tests/test_core_functionality.py::TestDNAAnalysis::test_melting_temperature PASSED [  3%]
tests/test_core_functionality.py::TestDNAAnalysis::test_sequence_distances PASSED [  3%]
tests/test_core_functionality.py::TestEcologyAnalysis::test_diversity_metrics PASSED [  3%]
tests/test_core_functionality.py::TestMathPopGen::test_hardy_weinberg_genotype_freqs PASSED [  3%]
tests/test_core_functionality.py::TestSimulation::test_sequence_generation PASSED [  3%]
tests/test_core_functionality.py::TestIntegration::test_file_io_with_analysis PASSED [  3%]
tests/test_core_functionality.py::TestErrorHandling::test_empty_input_handling PASSED [  3%]
tests/test_core_functionality.py::TestErrorHandling::test_invalid_input_handling FAILED [  3%]
tests/test_core_functionality.py::TestReproducibility::test_deterministic_functions PASSED [  3%]
tests/test_core_functionality.py::TestReproducibility::test_random_functions_with_seed PASSED [  3%]
tests/test_core_hash.py::test_content_hash_and_file_hash PASSED          [  3%]
tests/test_core_io.py::test_ensure_directory_creates PASSED              [  3%]
tests/test_core_io.py::test_json_roundtrip PASSED                        [  4%]
tests/test_core_io.py::test_json_gz_roundtrip FAILED                     [  4%]
tests/test_core_io.py::test_jsonl_roundtrip PASSED                       [  4%]
tests/test_core_io.py::test_tsv_roundtrip PASSED                         [  4%]
tests/test_core_io.py::test_open_text_auto_handles_gz PASSED             [  4%]
tests/test_core_io_enhanced.py::TestIOEnhanced::test_download_file PASSED [  4%]
tests/test_core_io_enhanced.py::TestIOEnhanced::test_download_json PASSED [  4%]
tests/test_core_io_enhanced.py::TestIOEnhanced::test_download_text PASSED [  4%]
tests/test_core_io_enhanced.py::TestIOEnhanced::test_batch_download PASSED [  4%]
tests/test_core_io_enhanced.py::TestIOEnhanced::test_csv_download PASSED [  4%]
tests/test_core_io_enhanced.py::TestIOEnhanced::test_gzipped_json_io PASSED [  4%]
tests/test_core_io_enhanced.py::TestIOEnhanced::test_pandas_csv_operations FAILED [  4%]
tests/test_core_io_enhanced.py::TestIOEnhanced::test_pandas_parquet_operations SKIPPED [  4%]
tests/test_core_io_enhanced.py::TestIOEnhanced::test_io_error_handling PASSED [  4%]
tests/test_core_io_enhanced.py::TestIOEnhanced::test_file_size_operations PASSED [  5%]
tests/test_core_logging.py::test_get_logger_returns_configured_logger PASSED [  5%]
tests/test_core_parallel.py::test_thread_map_preserves_order PASSED      [  5%]
tests/test_core_parallel.py::test_thread_map_chunked PASSED              [  5%]
tests/test_core_paths.py::test_expand_and_resolve_user PASSED            [  5%]
tests/test_core_paths.py::test_is_within PASSED                          [  5%]
tests/test_core_processing.py::TestConfigBasedProcessing::test_validate_config_file FAILED [  5%]
tests/test_core_processing.py::TestConfigBasedProcessing::test_create_sample_config FAILED [  5%]
tests/test_core_processing.py::TestConfigBasedProcessing::test_download_and_process_data PASSED [  5%]
tests/test_core_processing.py::TestConfigBasedProcessing::test_run_config_based_workflow PASSED [  5%]
tests/test_core_processing.py::TestConfigBasedProcessing::test_config_processing_error_handling PASSED [  5%]
tests/test_core_processing.py::TestConfigBasedProcessing::test_processing_with_no_downloads PASSED [  5%]
tests/test_core_text.py::TestSlugify::test_slugify_basic PASSED          [  5%]
tests/test_core_text.py::TestSlugify::test_slugify_edge_cases PASSED     [  5%]
tests/test_core_text.py::TestSlugify::test_slugify_very_long_input PASSED [  6%]
tests/test_core_text.py::TestSlugify::test_slugify_special_characters PASSED [  6%]
tests/test_core_text.py::TestSlugify::test_slugify_non_string_input PASSED [  6%]
tests/test_core_text.py::TestNormalizeWhitespace::test_normalize_whitespace_basic PASSED [  6%]
tests/test_core_text.py::TestNormalizeWhitespace::test_normalize_whitespace_edge_cases PASSED [  6%]
tests/test_core_text.py::TestNormalizeWhitespace::test_normalize_whitespace_unicode PASSED [  6%]
tests/test_core_text.py::TestNormalizeWhitespace::test_normalize_whitespace_very_long PASSED [  6%]
tests/test_core_text.py::TestNormalizeWhitespace::test_normalize_whitespace_preserve_structure PASSED [  6%]
tests/test_core_text.py::TestSafeFilename::test_safe_filename_basic PASSED [  6%]
tests/test_core_text.py::TestSafeFilename::test_safe_filename_dangerous_characters PASSED [  6%]
tests/test_core_text.py::TestSafeFilename::test_safe_filename_edge_cases PASSED [  6%]
tests/test_core_text.py::TestSafeFilename::test_safe_filename_preserve_extension PASSED [  6%]
tests/test_core_text.py::TestSafeFilename::test_safe_filename_reserved_names PASSED [  6%]
tests/test_core_text.py::TestSafeFilename::test_safe_filename_unicode PASSED [  6%]
tests/test_core_text.py::TestSafeFilename::test_safe_filename_whitespace PASSED [  6%]
tests/test_core_text.py::TestTextUtilsIntegration::test_text_processing_pipeline PASSED [  7%]
tests/test_core_text.py::TestTextUtilsIntegration::test_empty_input_consistency PASSED [  7%]
tests/test_core_text.py::TestTextUtilsIntegration::test_round_trip_compatibility PASSED [  7%]
tests/test_dna_accession.py::test_is_valid_assembly_accession_valid_cases PASSED [  7%]
tests/test_dna_accession.py::test_is_valid_assembly_accession_invalid_cases PASSED [  7%]
tests/test_dna_alignment.py::test_global_alignment_score_and_lengths FAILED [  7%]
tests/test_dna_alignment.py::test_local_alignment_non_trivial PASSED     [  7%]
tests/test_dna_alignment_enhanced.py::TestDNAAlignmentEnhanced::test_alignment_identity_calculation FAILED [  7%]
tests/test_dna_alignment_enhanced.py::TestDNAAlignmentEnhanced::test_conserved_regions_finding FAILED [  7%]
tests/test_dna_alignment_enhanced.py::TestDNAAlignmentEnhanced::test_alignment_statistics FAILED [  7%]
tests/test_dna_alignment_enhanced.py::TestDNAAlignmentEnhanced::test_global_alignment_functionality FAILED [  7%]
tests/test_dna_alignment_enhanced.py::TestDNAAlignmentEnhanced::test_local_alignment_functionality PASSED [  7%]
tests/test_dna_alignment_enhanced.py::TestDNAAlignmentEnhanced::test_alignment_edge_cases FAILED [  7%]
tests/test_dna_alignment_enhanced.py::TestDNAAlignmentEnhanced::test_alignment_result_dataclass FAILED [  7%]
tests/test_dna_codon_usage.py::test_codon_usage_counts_and_freqs PASSED  [  8%]
tests/test_dna_comprehensive.py::TestDNAComposition::test_gc_content_calculation PASSED [  8%]
tests/test_dna_comprehensive.py::TestDNAComposition::test_gc_skew_calculation PASSED [  8%]
tests/test_dna_comprehensive.py::TestDNAComposition::test_cumulative_gc_skew PASSED [  8%]
tests/test_dna_comprehensive.py::TestDNAComposition::test_melting_temperature PASSED [  8%]
tests/test_dna_comprehensive.py::TestDNAComposition::test_composition_edge_cases PASSED [  8%]
tests/test_dna_comprehensive.py::TestDNADistances::test_p_distance_calculation PASSED [  8%]
tests/test_dna_comprehensive.py::TestDNADistances::test_jc69_distance PASSED [  8%]
tests/test_dna_comprehensive.py::TestDNADistances::test_kimura_2p_distance PASSED [  8%]
tests/test_dna_comprehensive.py::TestDNADistances::test_kmer_distance PASSED [  8%]
tests/test_dna_comprehensive.py::TestDNADistances::test_distance_validation PASSED [  8%]
tests/test_dna_comprehensive.py::TestDNADistances::test_distance_edge_cases PASSED [  8%]
tests/test_dna_comprehensive.py::TestSequenceGeneration::test_random_dna_generation PASSED [  8%]
tests/test_dna_comprehensive.py::TestSequenceGeneration::test_random_dna_reproducibility PASSED [  8%]
tests/test_dna_comprehensive.py::TestSequenceGeneration::test_sequence_validation FAILED [  9%]
tests/test_dna_comprehensive.py::TestFASTQProcessing::test_fastq_iteration PASSED [  9%]
tests/test_dna_comprehensive.py::TestFASTQProcessing::test_average_phred_calculation PASSED [  9%]
tests/test_dna_comprehensive.py::TestFASTQProcessing::test_quality_score_conversion PASSED [  9%]
tests/test_dna_comprehensive.py::TestFASTQProcessing::test_fastq_edge_cases PASSED [  9%]
tests/test_dna_comprehensive.py::TestSequenceOperations::test_sequence_reversal_and_complement PASSED [  9%]
tests/test_dna_comprehensive.py::TestSequenceOperations::test_sequence_translation_frames PASSED [  9%]
tests/test_dna_comprehensive.py::TestSequenceOperations::test_sequence_motif_finding PASSED [  9%]
tests/test_dna_comprehensive.py::TestSequenceOperations::test_sequence_statistics PASSED [  9%]
tests/test_dna_consensus.py::test_consensus_majority_ignores_gaps PASSED [  9%]
tests/test_dna_distances.py::test_p_distance_and_jc69 PASSED             [  9%]
tests/test_dna_entrez_integration.py::test_entrez_fetch_phix_fasta_real_network SKIPPED [  9%]
tests/test_dna_entrez_integration.py::test_entrez_no_email_behavior PASSED [  9%]
tests/test_dna_entrez_integration.py::test_entrez_invalid_accession_real SKIPPED [  9%]
tests/test_dna_entrez_integration.py::test_entrez_different_accession_types_real SKIPPED [ 10%]
tests/test_dna_entrez_integration.py::test_entrez_offline_behavior SKIPPED [ 10%]
tests/test_dna_entrez_integration.py::test_entrez_rate_limiting_behavior SKIPPED [ 10%]
tests/test_dna_entrez_integration.py::test_entrez_email_parameter_validation PASSED [ 10%]
tests/test_dna_fastq.py::test_average_phred_by_position PASSED           [ 10%]
tests/test_dna_fastq.py::test_iter_fastq_and_head PASSED                 [ 10%]
tests/test_dna_fastq.py::test_iter_fastq_gz PASSED                       [ 10%]
tests/test_dna_fastq.py::test_summarize_fastq PASSED                     [ 10%]
tests/test_dna_gc_skew_tm.py::test_gc_skew_and_cumulative PASSED         [ 10%]
tests/test_dna_gc_skew_tm.py::test_melting_temp_basic PASSED             [ 10%]
tests/test_dna_kmer_distances.py::test_kmer_distance_identical_zero_and_diff_positive PASSED [ 10%]
tests/test_dna_motifs.py::test_find_motif_positions_iupac PASSED         [ 10%]
tests/test_dna_msa.py::test_align_msa_returns_equal_length_alignment FAILED [ 10%]
tests/test_dna_msa_cli.py::test_muscle_cli_alignment_roundtrip SKIPPED   [ 10%]
tests/test_dna_mutations.py::test_point_mutations_and_hamming PASSED     [ 10%]
tests/test_dna_mutations.py::test_random_mutate_reproducible PASSED      [ 11%]
tests/test_dna_ncbi.py::test_ncbi_datasets_optional_dependency_errors SKIPPED [ 11%]
tests/test_dna_phylogeny.py::test_neighbor_joining_tree_from_toy_fasta FAILED [ 11%]
tests/test_dna_phylogeny_bootstrap.py::test_bootstrap_support_deterministic_with_seed FAILED [ 11%]
tests/test_dna_phylogeny_extra.py::test_bootstrap_support_and_upgma FAILED [ 11%]
tests/test_dna_phylogeny_kmer.py::test_neighbor_joining_tree_from_kmer_distance FAILED [ 11%]
tests/test_dna_population_analysis.py::TestCalculateSummaryStatistics::test_sequence_based_statistics PASSED [ 11%]
tests/test_dna_population_analysis.py::TestCalculateSummaryStatistics::test_genotype_matrix_statistics PASSED [ 11%]
tests/test_dna_population_analysis.py::TestCalculateSummaryStatistics::test_both_sequence_and_genotype PASSED [ 11%]
tests/test_dna_population_analysis.py::TestCalculateSummaryStatistics::test_empty_input PASSED [ 11%]
tests/test_dna_population_analysis.py::TestComparePopulations::test_sequence_based_comparison PASSED [ 11%]
tests/test_dna_population_analysis.py::TestComparePopulations::test_identical_populations PASSED [ 11%]
tests/test_dna_population_analysis.py::TestComparePopulations::test_genotype_matrix_comparison PASSED [ 11%]
tests/test_dna_population_analysis.py::TestComparePopulations::test_missing_data_error PASSED [ 11%]
tests/test_dna_population_analysis.py::TestNeutralityTestSuite::test_basic_neutrality_tests PASSED [ 12%]
tests/test_dna_population_analysis.py::TestNeutralityTestSuite::test_interpretation_negative_d PASSED [ 12%]
tests/test_dna_population_analysis.py::TestNeutralityTestSuite::test_interpretation_positive_d PASSED [ 12%]
tests/test_dna_population_analysis.py::TestNeutralityTestSuite::test_pi_theta_ratio PASSED [ 12%]
tests/test_dna_population_comprehensive.py::TestAlleleFrequencies::test_basic_allele_frequencies PASSED [ 12%]
tests/test_dna_population_comprehensive.py::TestAlleleFrequencies::test_empty_matrix PASSED [ 12%]
tests/test_dna_population_comprehensive.py::TestAlleleFrequencies::test_single_individual PASSED [ 12%]
tests/test_dna_population_comprehensive.py::TestAlleleFrequencies::test_all_zeros PASSED [ 12%]
tests/test_dna_population_comprehensive.py::TestAlleleFrequencies::test_all_ones PASSED [ 12%]
tests/test_dna_population_comprehensive.py::TestObservedHeterozygosity::test_basic_heterozygosity PASSED [ 12%]
tests/test_dna_population_comprehensive.py::TestObservedHeterozygosity::test_empty_genotypes PASSED [ 12%]
tests/test_dna_population_comprehensive.py::TestObservedHeterozygosity::test_all_homozygous PASSED [ 12%]
tests/test_dna_population_comprehensive.py::TestObservedHeterozygosity::test_all_heterozygous PASSED [ 12%]
tests/test_dna_population_comprehensive.py::TestNucleotideDiversity::test_basic_diversity PASSED [ 12%]
tests/test_dna_population_comprehensive.py::TestNucleotideDiversity::test_three_sequences PASSED [ 13%]
tests/test_dna_population_comprehensive.py::TestNucleotideDiversity::test_single_sequence PASSED [ 13%]
tests/test_dna_population_comprehensive.py::TestNucleotideDiversity::test_empty_sequences PASSED [ 13%]
tests/test_dna_population_comprehensive.py::TestNucleotideDiversity::test_identical_sequences PASSED [ 13%]
tests/test_dna_population_comprehensive.py::TestNucleotideDiversity::test_different_length_sequences PASSED [ 13%]
tests/test_dna_population_comprehensive.py::TestNucleotideDiversity::test_zero_length_sequences PASSED [ 13%]
tests/test_dna_population_comprehensive.py::TestTajimasD::test_basic_tajimas_d PASSED [ 13%]
tests/test_dna_population_comprehensive.py::TestTajimasD::test_no_segregating_sites PASSED [ 13%]
tests/test_dna_population_comprehensive.py::TestTajimasD::test_single_sequence PASSED [ 13%]
tests/test_dna_population_comprehensive.py::TestTajimasD::test_insufficient_sequences PASSED [ 13%]
tests/test_dna_population_comprehensive.py::TestHudsonFst::test_fixed_differences PASSED [ 13%]
tests/test_dna_population_comprehensive.py::TestHudsonFst::test_identical_populations PASSED [ 13%]
tests/test_dna_population_comprehensive.py::TestHudsonFst::test_empty_population PASSED [ 13%]
tests/test_dna_population_comprehensive.py::TestHudsonFst::test_different_length_sequences PASSED [ 13%]
tests/test_dna_population_comprehensive.py::TestSegregatingSites::test_basic_segregating_sites PASSED [ 13%]
tests/test_dna_population_comprehensive.py::TestSegregatingSites::test_no_segregating_sites PASSED [ 14%]
tests/test_dna_population_comprehensive.py::TestSegregatingSites::test_single_sequence PASSED [ 14%]
tests/test_dna_population_comprehensive.py::TestSegregatingSites::test_empty_sequences PASSED [ 14%]
tests/test_dna_population_comprehensive.py::TestWattersonsTheta::test_basic_wattersons_theta PASSED [ 14%]
tests/test_dna_population_comprehensive.py::TestWattersonsTheta::test_no_segregating_sites PASSED [ 14%]
tests/test_dna_population_comprehensive.py::TestWattersonsTheta::test_single_sequence PASSED [ 14%]
tests/test_dna_population_comprehensive.py::TestWattersonsTheta::test_empty_sequences PASSED [ 14%]
tests/test_dna_population_comprehensive.py::TestIntegration::test_diversity_and_segregating_sites PASSED [ 14%]
tests/test_dna_population_comprehensive.py::TestIntegration::test_fst_and_diversity_relationship PASSED [ 14%]
tests/test_dna_population_genetics.py::test_snp_allele_frequencies_basic PASSED [ 14%]
tests/test_dna_population_genetics.py::test_observed_heterozygosity PASSED [ 14%]
tests/test_dna_population_more.py::test_segregating_sites_and_watterson_theta PASSED [ 14%]
tests/test_dna_population_stats.py::test_nucleotide_diversity_two_sequences PASSED [ 14%]
tests/test_dna_population_stats.py::test_tajimas_d_no_segregating_sites_is_zero PASSED [ 14%]
tests/test_dna_population_stats.py::test_fst_fixed_differences_is_one PASSED [ 15%]
tests/test_dna_population_viz.py::TestPlotDiversityComparison::test_basic_plot PASSED [ 15%]
tests/test_dna_population_viz.py::TestPlotDiversityComparison::test_plot_without_saving PASSED [ 15%]
tests/test_dna_population_viz.py::TestPlotTajimasDComparison::test_basic_plot PASSED [ 15%]
tests/test_dna_population_viz.py::TestPlotFstComparison::test_basic_plot PASSED [ 15%]
tests/test_dna_population_viz.py::TestPlotPCAResults::test_pca_plot PASSED [ 15%]
tests/test_dna_population_viz.py::TestPlotPCAResults::test_pca_plot_failure PASSED [ 15%]
tests/test_dna_population_viz.py::TestPlotKinshipMatrix::test_kinship_plot PASSED [ 15%]
tests/test_dna_population_viz.py::TestPlotKinshipMatrix::test_kinship_plot_failure PASSED [ 15%]
tests/test_dna_population_viz.py::TestPlotSiteFrequencySpectrum::test_sfs_plot PASSED [ 15%]
tests/test_dna_population_viz.py::TestPlotNeutralityTestSummary::test_neutrality_summary_plot PASSED [ 15%]
tests/test_dna_population_viz.py::TestPlotDemographicComparison::test_demographic_plot PASSED [ 15%]
tests/test_dna_population_viz.py::TestPlotSummaryStatisticsGrid::test_summary_grid_plot PASSED [ 15%]
tests/test_dna_population_viz.py::TestPlotLinkageDisequilibriumDecay::test_ld_decay_plot PASSED [ 15%]
tests/test_dna_population_viz.py::TestPlotLinkageDisequilibriumDecay::test_ld_decay_plot_no_distances PASSED [ 16%]
tests/test_dna_population_viz_advanced.py::test_plot_allele_frequency_spectrum PASSED [ 16%]
tests/test_dna_population_viz_advanced.py::test_plot_heterozygosity_distribution PASSED [ 16%]
tests/test_dna_population_viz_advanced.py::test_plot_statistic_distribution PASSED [ 16%]
tests/test_dna_population_viz_advanced.py::test_plot_pi_vs_theta PASSED  [ 16%]
tests/test_dna_population_viz_advanced.py::test_plot_statistic_correlation_matrix PASSED [ 16%]
tests/test_dna_population_viz_advanced.py::test_plot_fst_matrix PASSED   [ 16%]
tests/test_dna_population_viz_advanced.py::test_plot_neutrality_test_suite PASSED [ 16%]
tests/test_dna_population_viz_advanced.py::test_plot_hardy_weinberg_test PASSED [ 16%]
tests/test_dna_population_viz_advanced.py::test_plot_bootstrap_distribution FAILED [ 16%]
tests/test_dna_population_viz_advanced.py::test_plot_permutation_test FAILED [ 16%]
tests/test_dna_population_viz_advanced.py::test_plot_outlier_detection FAILED [ 16%]
tests/test_dna_restriction_sites.py::test_find_restriction_sites_simple PASSED [ 16%]
tests/test_dna_restriction_sites.py::test_find_restriction_sites_with_ambiguity PASSED [ 16%]
tests/test_dna_sequence_utils.py::test_reverse_complement_and_gc_content PASSED [ 16%]
tests/test_dna_sequence_utils.py::test_kmer_counts_and_freqs PASSED      [ 17%]
tests/test_dna_sequences.py::test_read_fasta_parses_ids FAILED           [ 17%]
tests/test_dna_sequences_enhanced.py::TestDNASequencesEnhanced::test_sequence_length_calculation PASSED [ 17%]
tests/test_dna_sequences_enhanced.py::TestDNASequencesEnhanced::test_dna_sequence_validation PASSED [ 17%]
tests/test_dna_sequences_enhanced.py::TestDNASequencesEnhanced::test_complementarity_score PASSED [ 17%]
tests/test_dna_sequences_enhanced.py::TestDNASequencesEnhanced::test_repeat_finding PASSED [ 17%]
tests/test_dna_sequences_enhanced.py::TestDNASequencesEnhanced::test_motif_finding PASSED [ 17%]
tests/test_dna_sequences_enhanced.py::TestDNASequencesEnhanced::test_sequence_complexity PASSED [ 17%]
tests/test_dna_sequences_enhanced.py::TestDNASequencesEnhanced::test_orf_finding PASSED [ 17%]
tests/test_dna_sequences_enhanced.py::TestDNASequencesEnhanced::test_sequence_entropy FAILED [ 17%]
tests/test_dna_sequences_enhanced.py::TestDNASequencesEnhanced::test_sequence_bias_detection PASSED [ 17%]
tests/test_dna_sequences_enhanced.py::TestDNASequencesAdvanced::test_gc_skew_calculation FAILED [ 17%]
tests/test_dna_sequences_enhanced.py::TestDNASequencesAdvanced::test_at_skew_calculation PASSED [ 17%]
tests/test_dna_sequences_enhanced.py::TestDNASequencesAdvanced::test_palindrome_finding PASSED [ 17%]
tests/test_dna_sequences_enhanced.py::TestDNASequencesAdvanced::test_melting_temperature_calculation PASSED [ 18%]
tests/test_dna_sequences_enhanced.py::TestDNASequencesAdvanced::test_codon_usage_calculation FAILED [ 18%]
tests/test_dna_sequences_enhanced.py::TestDNASequencesAdvanced::test_start_codon_finding FAILED [ 18%]
tests/test_dna_sequences_enhanced.py::TestDNASequencesAdvanced::test_stop_codon_finding PASSED [ 18%]
tests/test_dna_sequences_enhanced.py::TestDNASequencesAdvanced::test_sequence_complexity_calculation PASSED [ 18%]
tests/test_dna_sequences_enhanced.py::TestDNASequencesAdvanced::test_sequence_entropy_calculation PASSED [ 18%]
tests/test_dna_sequences_enhanced.py::TestDNASequencesAdvanced::test_sequence_bias_detection PASSED [ 18%]
tests/test_dna_transcription.py::test_transcribe_dna_to_rna_basic PASSED [ 18%]
tests/test_dna_transcription.py::test_transcribe_handles_lowercase_and_empty PASSED [ 18%]
tests/test_dna_transcription.py::test_reverse_transcribe_rna_to_dna PASSED [ 18%]
tests/test_dna_translation.py::test_translate_basic PASSED               [ 18%]
tests/test_dna_translation.py::test_find_orfs_simple PASSED              [ 18%]
tests/test_dna_variants_vcf.py::test_parse_vcf_minimal PASSED            [ 18%]
tests/test_domain_modules.py::test_rna_curate_summary_apis_mellifera PASSED [ 18%]
tests/test_domain_modules.py::test_protein_taxon_ids_readable PASSED     [ 19%]
tests/test_domain_modules.py::test_phenotype_antwiki_json_loads PASSED   [ 19%]
tests/test_domain_modules.py::test_ontology_go_dir_counts PASSED         [ 19%]
tests/test_ecology_basic.py::TestCommunityEcology::test_shannon_diversity_empty PASSED [ 19%]
tests/test_ecology_basic.py::TestCommunityEcology::test_shannon_diversity_single_species PASSED [ 19%]
tests/test_ecology_basic.py::TestCommunityEcology::test_shannon_diversity_equal_abundances FAILED [ 19%]
tests/test_ecology_basic.py::TestCommunityEcology::test_shannon_diversity_unequal_abundances PASSED [ 19%]
tests/test_ecology_basic.py::TestCommunityEcology::test_shannon_diversity_zero_abundances PASSED [ 19%]
tests/test_ecology_basic.py::TestCommunityEcology::test_simpson_diversity_basic PASSED [ 19%]
tests/test_ecology_basic.py::TestCommunityEcology::test_simpson_diversity_empty PASSED [ 19%]
tests/test_ecology_basic.py::TestCommunityEcology::test_species_richness_basic PASSED [ 19%]
tests/test_ecology_basic.py::TestCommunityEcology::test_species_richness_all_zeros PASSED [ 19%]
tests/test_ecology_basic.py::TestCommunityEcology::test_species_richness_empty PASSED [ 19%]
tests/test_ecology_basic.py::TestCommunityEcology::test_pielou_evenness_perfect_evenness FAILED [ 19%]
tests/test_ecology_basic.py::TestCommunityEcology::test_pielou_evenness_no_evenness FAILED [ 20%]
tests/test_ecology_basic.py::TestCommunityEcology::test_pielou_evenness_zero_richness FAILED [ 20%]
tests/test_ecology_basic.py::TestCommunityEcology::test_chao1_estimator_basic PASSED [ 20%]
tests/test_ecology_basic.py::TestCommunityEcology::test_chao1_estimator_all_singletons FAILED [ 20%]
tests/test_ecology_basic.py::TestCommunityEcology::test_chao1_estimator_empty PASSED [ 20%]
tests/test_ecology_basic.py::TestCommunityEcology::test_community_metrics_basic FAILED [ 20%]
tests/test_ecology_basic.py::TestCommunityEcology::test_community_metrics_empty FAILED [ 20%]
tests/test_ecology_basic.py::TestCommunityEcology::test_community_metrics_all_zeros FAILED [ 20%]
tests/test_epigenome.py::test_read_bedgraph_parses_minimal_file PASSED   [ 20%]
tests/test_epigenome.py::test_compute_methylation_beta_and_summary PASSED [ 20%]
tests/test_gwas_association.py::test_association_linear_basic PASSED     [ 20%]
tests/test_gwas_association.py::test_association_linear_no_association PASSED [ 20%]
tests/test_gwas_association.py::test_association_linear_with_covariates PASSED [ 20%]
tests/test_gwas_association.py::test_association_linear_missing_data PASSED [ 20%]
tests/test_gwas_association.py::test_association_logistic_basic PASSED   [ 20%]
tests/test_gwas_association.py::test_association_logistic_no_association PASSED [ 21%]
tests/test_gwas_association.py::test_association_logistic_insufficient_cases PASSED [ 21%]
tests/test_gwas_association.py::test_run_gwas_integration PASSED         [ 21%]
tests/test_gwas_association.py::test_run_gwas_missing_trait PASSED       [ 21%]
tests/test_gwas_calling.py::test_check_bcftools_available PASSED         [ 21%]
tests/test_gwas_calling.py::test_check_gatk_available PASSED             [ 21%]
tests/test_gwas_calling.py::test_merge_vcf_files_bcftools_unavailable PASSED [ 21%]
tests/test_gwas_calling.py::test_merge_vcf_files_file_not_found PASSED   [ 21%]
tests/test_gwas_calling.py::test_merge_vcf_files_empty_list PASSED       [ 21%]
tests/test_gwas_config.py::test_load_gwas_config_basic PASSED            [ 21%]
tests/test_gwas_config.py::test_load_gwas_config_with_all_sections PASSED [ 21%]
tests/test_gwas_config.py::test_load_gwas_config_json PASSED             [ 21%]
tests/test_gwas_config.py::test_load_gwas_config_missing_file PASSED     [ 21%]
tests/test_gwas_config.py::test_gwas_workflow_config_defaults PASSED     [ 21%]
tests/test_gwas_config_pbarbatus.py::test_load_pbarbatus_config SKIPPED  [ 22%]
tests/test_gwas_config_pbarbatus.py::test_pbarbatus_config_validation SKIPPED [ 22%]
tests/test_gwas_config_pbarbatus.py::test_pbarbatus_config_parameters SKIPPED [ 22%]
tests/test_gwas_correction.py::test_bonferroni_correction_basic PASSED   [ 22%]
tests/test_gwas_correction.py::test_bonferroni_correction_no_significant PASSED [ 22%]
tests/test_gwas_correction.py::test_bonferroni_correction_all_significant PASSED [ 22%]
tests/test_gwas_correction.py::test_fdr_correction_basic PASSED          [ 22%]
tests/test_gwas_correction.py::test_fdr_correction_properties PASSED     [ 22%]
tests/test_gwas_correction.py::test_genomic_control_from_pvalues PASSED  [ 22%]
tests/test_gwas_correction.py::test_genomic_control_from_chi2 PASSED     [ 22%]
tests/test_gwas_correction.py::test_genomic_control_no_data PASSED       [ 22%]
tests/test_gwas_correction.py::test_genomic_control_inflation PASSED     [ 22%]
tests/test_gwas_download.py::test_download_reference_genome_skip_if_offline PASSED [ 22%]
tests/test_gwas_download.py::test_download_variant_data_unsupported_source PASSED [ 22%]
tests/test_gwas_download.py::test_download_variant_data_missing_dest PASSED [ 23%]
tests/test_gwas_download.py::test_extract_variant_regions_bcftools_unavailable PASSED [ 23%]
tests/test_gwas_download.py::test_extract_variant_regions_file_not_found PASSED [ 23%]
tests/test_gwas_download.py::test_download_reference_genome_invalid_accession PASSED [ 23%]
tests/test_gwas_kinship_properties.py::TestKinshipMatrixProperties::test_kinship_matrix_symmetric PASSED [ 23%]
tests/test_gwas_kinship_properties.py::TestKinshipMatrixProperties::test_kinship_matrix_positive_semi_definite PASSED [ 23%]
tests/test_gwas_kinship_properties.py::TestKinshipMatrixProperties::test_kinship_matrix_diagonal_range PASSED [ 23%]
tests/test_gwas_kinship_properties.py::TestKinshipMatrixProperties::test_kinship_matrix_identical_samples FAILED [ 23%]
tests/test_gwas_kinship_properties.py::TestKinshipMatrixProperties::test_kinship_method_comparison PASSED [ 23%]
tests/test_gwas_kinship_properties.py::TestKinshipMatrixProperties::test_kinship_with_missing_data PASSED [ 23%]
tests/test_gwas_kinship_properties.py::TestKinshipMatrixProperties::test_kinship_matrix_shape PASSED [ 23%]
tests/test_gwas_quality.py::test_parse_vcf_full_basic PASSED             [ 23%]
tests/test_gwas_quality.py::test_parse_vcf_full_missing_genotypes PASSED [ 23%]
tests/test_gwas_quality.py::test_apply_qc_filters_basic PASSED           [ 23%]
tests/test_gwas_quality.py::test_apply_qc_filters_maf PASSED             [ 23%]
tests/test_gwas_quality.py::test_apply_qc_filters_missing_data PASSED    [ 24%]
tests/test_gwas_quality.py::test_apply_qc_filters_hwe PASSED             [ 24%]
tests/test_gwas_sra_download.py::TestCheckSRAToolsAvailable::test_check_sra_tools_available_real PASSED [ 24%]
tests/test_gwas_sra_download.py::TestCheckSRAToolsAvailable::test_check_returns_boolean PASSED [ 24%]
tests/test_gwas_sra_download.py::TestDownloadSRARun::test_download_sra_run_requires_tools PASSED [ 24%]
tests/test_gwas_sra_download.py::TestDownloadSRARun::test_download_sra_run_invalid_accession PASSED [ 24%]
tests/test_gwas_sra_download.py::TestDownloadSRAProject::test_download_sra_project_requires_tools PASSED [ 24%]
tests/test_gwas_sra_download.py::TestSearchSRAForOrganism::test_search_sra_for_organism_interface PASSED [ 24%]
tests/test_gwas_sra_download.py::TestSearchSRAForOrganism::test_search_sra_empty_results PASSED [ 24%]
tests/test_gwas_structure.py::test_compute_pca_basic PASSED              [ 24%]
tests/test_gwas_structure.py::test_compute_pca_empty_matrix PASSED       [ 24%]
tests/test_gwas_structure.py::test_compute_pca_with_missing_data FAILED  [ 24%]
tests/test_gwas_structure.py::test_compute_kinship_matrix_vanraden PASSED [ 24%]
tests/test_gwas_structure.py::test_compute_kinship_matrix_astle PASSED   [ 24%]
tests/test_gwas_structure.py::test_compute_kinship_matrix_yang PASSED    [ 25%]
tests/test_gwas_structure.py::test_compute_kinship_matrix_invalid_method PASSED [ 25%]
tests/test_gwas_structure.py::test_estimate_population_structure_integration PASSED [ 25%]
tests/test_gwas_visualization.py::test_manhattan_plot_basic FAILED       [ 25%]
tests/test_gwas_visualization.py::test_manhattan_plot_from_file FAILED   [ 25%]
tests/test_gwas_visualization.py::test_qq_plot_basic FAILED              [ 25%]
tests/test_gwas_visualization.py::test_qq_plot_from_file FAILED          [ 25%]
tests/test_gwas_visualization.py::test_regional_plot_basic FAILED        [ 25%]
tests/test_gwas_visualization.py::test_regional_plot_no_variants PASSED  [ 25%]
tests/test_gwas_visualization.py::test_visualization_empty_results PASSED [ 25%]
tests/test_gwas_workflow_comprehensive.py::test_gwas_workflow_config_only PASSED [ 25%]
tests/test_gwas_workflow_comprehensive.py::test_gwas_workflow_with_vcf_file PASSED [ 25%]
tests/test_gwas_workflow_comprehensive.py::test_gwas_workflow_cli SKIPPED [ 25%]
tests/test_gwas_workflow_comprehensive.py::test_gwas_workflow_genome_download PASSED [ 25%]
tests/test_gwas_workflow_comprehensive.py::test_gwas_workflow_invalid_config FAILED [ 26%]
tests/test_gwas_workflow_comprehensive.py::test_gwas_workflow_missing_phenotype FAILED [ 26%]
tests/test_information_comprehensive.py::TestSyntacticInformation::test_shannon_entropy_uniform PASSED [ 26%]
tests/test_information_comprehensive.py::TestSyntacticInformation::test_shannon_entropy_certainty PASSED [ 26%]
tests/test_information_comprehensive.py::TestSyntacticInformation::test_shannon_entropy_from_counts PASSED [ 26%]
tests/test_information_comprehensive.py::TestSyntacticInformation::test_mutual_information_perfect_correlation PASSED [ 26%]
tests/test_information_comprehensive.py::TestSyntacticInformation::test_mutual_information_independent PASSED [ 26%]
tests/test_information_comprehensive.py::TestSyntacticInformation::test_conditional_entropy FAILED [ 26%]
tests/test_information_comprehensive.py::TestSyntacticInformation::test_kl_divergence_identical PASSED [ 26%]
tests/test_information_comprehensive.py::TestSyntacticInformation::test_kl_divergence_different PASSED [ 26%]
tests/test_information_comprehensive.py::TestSyntacticInformation::test_cross_entropy PASSED [ 26%]
tests/test_information_comprehensive.py::TestSyntacticInformation::test_total_correlation PASSED [ 26%]
tests/test_information_comprehensive.py::TestSyntacticInformation::test_transfer_entropy PASSED [ 26%]
tests/test_information_comprehensive.py::TestSemanticInformation::test_information_content PASSED [ 26%]
tests/test_information_comprehensive.py::TestSemanticInformation::test_information_content_not_found PASSED [ 26%]
tests/test_information_comprehensive.py::TestSemanticInformation::test_semantic_entropy PASSED [ 27%]
tests/test_information_comprehensive.py::TestSemanticInformation::test_semantic_similarity PASSED [ 27%]
tests/test_information_comprehensive.py::TestSemanticInformation::test_semantic_similarity_identical PASSED [ 27%]
tests/test_information_comprehensive.py::TestSemanticInformation::test_semantic_similarity_matrix PASSED [ 27%]
tests/test_information_comprehensive.py::TestAnalysisFunctions::test_information_profile PASSED [ 27%]
tests/test_information_comprehensive.py::TestAnalysisFunctions::test_information_profile_empty PASSED [ 27%]
tests/test_information_comprehensive.py::TestAnalysisFunctions::test_information_signature_entropy PASSED [ 27%]
tests/test_information_comprehensive.py::TestAnalysisFunctions::test_analyze_sequence_information PASSED [ 27%]
tests/test_information_comprehensive.py::TestAnalysisFunctions::test_compare_sequences_information PASSED [ 27%]
tests/test_information_comprehensive.py::TestAnalysisFunctions::test_compare_sequences_different PASSED [ 27%]
tests/test_information_comprehensive.py::TestEdgeCases::test_shannon_entropy_empty PASSED [ 27%]
tests/test_information_comprehensive.py::TestEdgeCases::test_mutual_information_length_mismatch PASSED [ 27%]
tests/test_information_comprehensive.py::TestEdgeCases::test_kl_divergence_length_mismatch PASSED [ 27%]
tests/test_information_comprehensive.py::TestEdgeCases::test_conditional_mutual_information_length_mismatch PASSED [ 27%]
tests/test_information_comprehensive.py::TestEdgeCases::test_transfer_entropy_short_sequence PASSED [ 28%]
tests/test_information_comprehensive.py::TestEdgeCases::test_total_correlation_single_variable PASSED [ 28%]
tests/test_information_comprehensive.py::TestIntegration::test_information_profile_with_dna_sequences PASSED [ 28%]
tests/test_information_comprehensive.py::TestIntegration::test_conditional_entropy_properties PASSED [ 28%]
tests/test_information_comprehensive.py::TestIntegration::test_mutual_information_properties PASSED [ 28%]
tests/test_information_comprehensive.py::TestAdditionalMethods::test_jensen_shannon_divergence PASSED [ 28%]
tests/test_information_comprehensive.py::TestAdditionalMethods::test_renyi_entropy PASSED [ 28%]
tests/test_information_comprehensive.py::TestAdditionalMethods::test_tsallis_entropy PASSED [ 28%]
tests/test_information_comprehensive.py::TestAdditionalMethods::test_normalized_mutual_information PASSED [ 28%]
tests/test_information_comprehensive.py::TestAdditionalMethods::test_information_coefficient PASSED [ 28%]
tests/test_information_comprehensive.py::TestContinuousMethods::test_differential_entropy PASSED [ 28%]
tests/test_information_comprehensive.py::TestContinuousMethods::test_mutual_information_continuous PASSED [ 28%]
tests/test_information_comprehensive.py::TestContinuousMethods::test_entropy_estimation PASSED [ 28%]
tests/test_information_comprehensive.py::TestEstimationMethods::test_entropy_estimator PASSED [ 28%]
tests/test_information_comprehensive.py::TestEstimationMethods::test_mutual_information_estimator PASSED [ 29%]
tests/test_information_comprehensive.py::TestEstimationMethods::test_bias_correction PASSED [ 29%]
tests/test_information_comprehensive.py::TestWorkflowFunctions::test_batch_entropy_analysis PASSED [ 29%]
tests/test_information_comprehensive.py::TestWorkflowFunctions::test_information_workflow PASSED [ 29%]
tests/test_information_comprehensive.py::TestWorkflowFunctions::test_compare_datasets PASSED [ 29%]
tests/test_information_comprehensive.py::TestIntegrationFunctions::test_dna_integration PASSED [ 29%]
tests/test_information_comprehensive.py::TestIntegrationFunctions::test_rna_integration PASSED [ 29%]
tests/test_information_comprehensive.py::TestIntegrationFunctions::test_ml_integration PASSED [ 29%]
tests/test_information_comprehensive.py::TestExportedFunctions::test_shannon_entropy_from_counts_exported PASSED [ 29%]
tests/test_information_comprehensive.py::TestExportedFunctions::test_information_content_from_annotations_exported PASSED [ 29%]
tests/test_information_integration.py::TestDNAIntegration::test_dna_sequence_entropy PASSED [ 29%]
tests/test_information_integration.py::TestDNAIntegration::test_dna_integration_function PASSED [ 29%]
tests/test_information_integration.py::TestDNAIntegration::test_dna_integration_profile PASSED [ 29%]
tests/test_information_integration.py::TestRNAIntegration::test_rna_expression_entropy PASSED [ 29%]
tests/test_information_integration.py::TestRNAIntegration::test_rna_integration_function PASSED [ 30%]
tests/test_information_integration.py::TestRNAIntegration::test_rna_mutual_information PASSED [ 30%]
tests/test_information_integration.py::TestSingleCellIntegration::test_singlecell_integration PASSED [ 30%]
tests/test_information_integration.py::TestSingleCellIntegration::test_singlecell_gene_entropy PASSED [ 30%]
tests/test_information_integration.py::TestMultiOmicsIntegration::test_multiomics_integration PASSED [ 30%]
tests/test_information_integration.py::TestMultiOmicsIntegration::test_multiomics_cross_platform_mi PASSED [ 30%]
tests/test_information_integration.py::TestMultiOmicsIntegration::test_multiomics_feature_selection PASSED [ 30%]
tests/test_information_integration.py::TestMultiOmicsIntegration::test_multiomics_feature_selection_single PASSED [ 30%]
tests/test_information_integration.py::TestMLIntegration::test_ml_feature_selection_mi PASSED [ 30%]
tests/test_information_integration.py::TestMLIntegration::test_ml_feature_entropy PASSED [ 30%]
tests/test_information_integration.py::TestVisualizationIntegration::test_entropy_distribution_plot FAILED [ 30%]
tests/test_information_integration.py::TestVisualizationIntegration::test_mi_matrix_plot FAILED [ 30%]
tests/test_information_integration.py::TestNetworkIntegration::test_network_entropy PASSED [ 30%]
tests/test_information_integration.py::TestNetworkIntegration::test_information_flow PASSED [ 30%]
tests/test_information_integration.py::TestCrossModuleIntegration::test_dna_to_network_information PASSED [ 30%]
tests/test_information_integration.py::TestCrossModuleIntegration::test_information_to_visualization_pipeline FAILED [ 31%]
tests/test_integration_comprehensive.py::TestBioinformaticsWorkflow::test_dna_analysis_workflow PASSED [ 31%]
tests/test_integration_comprehensive.py::TestBioinformaticsWorkflow::test_network_ml_integration PASSED [ 31%]
tests/test_integration_comprehensive.py::TestBioinformaticsWorkflow::test_multiomics_integration_workflow FAILED [ 31%]
tests/test_integration_comprehensive.py::TestBioinformaticsWorkflow::test_population_genetics_mathematical_modeling PASSED [ 31%]
tests/test_integration_comprehensive.py::TestBioinformaticsWorkflow::test_simulation_ecology_integration PASSED [ 31%]
tests/test_integration_comprehensive.py::TestModuleInteroperability::test_core_utilities_integration FAILED [ 31%]
tests/test_integration_comprehensive.py::TestModuleInteroperability::test_sequence_analysis_integration FAILED [ 31%]
tests/test_integration_comprehensive.py::TestModuleInteroperability::test_data_flow_consistency PASSED [ 31%]
tests/test_integration_comprehensive.py::TestScalabilityAndPerformance::test_network_scalability 