2026-01-02 14:36:55 | WARNING | metainformant.life_events.visualization | seaborn not available, enhanced plots disabled
2026-01-02 14:36:55 | WARNING | metainformant.networks.community | python-louvain not available, Louvain method disabled
2026-01-02 14:36:55 | WARNING | metainformant.singlecell.preprocessing | anndata not available - using fallback SingleCellData implementation
2026-01-02 14:36:58 | INFO | rna_setup | üîÑ Auto-activating virtual environment...
2026-01-02 14:36:58 | INFO | rna_setup | Current Python: /usr/bin/python3
2026-01-02 14:36:58 | INFO | rna_setup | Venv Python: /home/q/Documents/MetaInformAnt/.venv/bin/python3
2026-01-02 14:36:58 | INFO | rna_setup | Venv Location: /home/q/Documents/MetaInformAnt/.venv
2026-01-02 14:36:59 | WARNING | metainformant.core.db | psycopg2 not available, PostgreSQL functionality disabled
2026-01-02 14:37:00 | WARNING | metainformant.networks.community | python-louvain not available, Louvain method disabled
2026-01-02 14:37:03 | INFO | rna_setup | ‚úì Environment check passed
2026-01-02 14:37:03 | INFO | run_workflow | Running workflow for amalgkit_pbarbatus_5sample.yaml
2026-01-02 14:37:03 | INFO | metainformant.rna.orchestration | Running workflow for species: None
2026-01-02 14:37:03 | INFO | metainformant.rna.workflow | Starting amalgkit workflow for species: ['Pogonomyrmex_barbatus']
2026-01-02 14:37:03 | INFO | metainformant.rna.workflow | Working directory: output/amalgkit/pbarbatus_test5/work
2026-01-02 14:37:03 | INFO | metainformant.rna.workflow | Planned workflow with 11 steps
2026-01-02 14:37:03 | INFO | metainformant.rna.workflow | Executing step: metadata
2026-01-02 14:37:03 | INFO | metainformant.rna.workflow | Command: amalgkit metadata --out_dir output/amalgkit/pbarbatus_test5/work --search_string "Pogonomyrmex barbatus"[Organism] AND RNA-Seq[Strategy] AND Illumina[Platform] --redo yes
2026-01-02 14:37:03 | INFO | metainformant.rna.amalgkit | Running amalgkit command: amalgkit metadata --out_dir output/amalgkit/pbarbatus_test5/work --search_string "Pogonomyrmex barbatus"[Organism] AND RNA-Seq[Strategy] AND Illumina[Platform] --redo yes
2026-01-02 14:37:08 | INFO | metainformant.rna.workflow | Step metadata completed successfully
2026-01-02 14:37:08 | INFO | metainformant.rna.workflow | Executing step: config
2026-01-02 14:37:08 | INFO | metainformant.rna.workflow | Command: amalgkit config --out_dir output/amalgkit/pbarbatus_test5/work
2026-01-02 14:37:08 | INFO | metainformant.rna.amalgkit | Running amalgkit command: amalgkit config --out_dir output/amalgkit/pbarbatus_test5/work
2026-01-02 14:37:08 | INFO | metainformant.rna.workflow | Step config completed successfully
2026-01-02 14:37:08 | INFO | metainformant.rna.workflow | Executing step: select
2026-01-02 14:37:08 | INFO | metainformant.rna.workflow | Command: amalgkit select --max_sample 5 --out_dir output/amalgkit/pbarbatus_test5/work
2026-01-02 14:37:08 | INFO | metainformant.rna.amalgkit | Running amalgkit command: amalgkit select --max_sample 5 --out_dir output/amalgkit/pbarbatus_test5/work
2026-01-02 14:37:08 | ERROR | metainformant.rna.workflow | Step select failed with return code 1
2026-01-02 14:37:08 | ERROR | metainformant.rna.workflow | Error output: Traceback (most recent call last):
  File "/home/q/.local/bin/amalgkit", line 398, in <module>
    args.handler(args)
  File "/home/q/.local/bin/amalgkit", line 34, in command_select
    select_main(args)
  File "/home/q/.local/lib/python3.11/site-packages/amalgkit/select.py", line 24, in select_main
    check_config_dir(dir_path=dir_config, mode='select')
  File "/home/q/.local/lib/python3.11/site-packages/amalgkit/util.py", line 607, in check_config_dir
    files = os.listdir(dir_path)
            ^^^^^^^^^^^^^^^^^^^^
FileNotFoundError: [Errno 2] No such file or directory: 'output/amalgkit/pbarbatus_test5/work/config'

2026-01-02 14:37:08 | INFO | metainformant.rna.workflow | Executing step: getfastq
2026-01-02 14:37:08 | INFO | metainformant.rna.workflow | Command: amalgkit getfastq --threads 12 --out_dir output/amalgkit/pbarbatus_test5/fastq --num_download_workers 5 --aws yes --gcp no --ncbi no --pfd no --fastp yes
2026-01-02 14:37:08 | INFO | metainformant.rna.amalgkit | Running amalgkit command: amalgkit getfastq --threads 12 --out_dir output/amalgkit/pbarbatus_test5/fastq --num_download_workers 5 --aws yes --gcp no --ncbi no --pfd no --fastp yes
2026-01-02 14:37:08 | ERROR | metainformant.rna.workflow | Step getfastq failed with return code 2
2026-01-02 14:37:08 | ERROR | metainformant.rna.workflow | Error output: usage: amalgkit [-h] [--version]
                {metadata,select,getfastq,quant,merge,cstmm,csca,curate,sanity,integrate,config,help}
                ...
amalgkit: error: unrecognized arguments: --num_download_workers 5

2026-01-02 14:37:08 | INFO | metainformant.rna.workflow | Executing step: integrate
2026-01-02 14:37:08 | INFO | metainformant.rna.workflow | Command: amalgkit integrate --fastq_dir output/amalgkit/pbarbatus_test5/fastq --out_dir output/amalgkit/pbarbatus_test5/work
2026-01-02 14:37:08 | INFO | metainformant.rna.amalgkit | Running amalgkit command: amalgkit integrate --fastq_dir output/amalgkit/pbarbatus_test5/fastq --out_dir output/amalgkit/pbarbatus_test5/work
2026-01-02 14:37:08 | ERROR | metainformant.rna.workflow | Step integrate failed with return code 1
2026-01-02 14:37:08 | ERROR | metainformant.rna.workflow | Error output: Traceback (most recent call last):
  File "/home/q/.local/bin/amalgkit", line 398, in <module>
    args.handler(args)
  File "/home/q/.local/bin/amalgkit", line 94, in command_integrate
    integrate_main(args)
  File "/home/q/.local/lib/python3.11/site-packages/amalgkit/integrate.py", line 137, in integrate_main
    tmp_metadata = get_fastq_stats(args)
                   ^^^^^^^^^^^^^^^^^^^^^
  File "/home/q/.local/lib/python3.11/site-packages/amalgkit/integrate.py", line 16, in get_fastq_stats
    raise ValueError("PATH to fastq directory does not exist: {}".format(args.fastq_dir))
ValueError: PATH to fastq directory does not exist: output/amalgkit/pbarbatus_test5/fastq

2026-01-02 14:37:08 | INFO | metainformant.rna.workflow | Executing step: quant
2026-01-02 14:37:08 | INFO | metainformant.rna.workflow | Command: amalgkit quant --threads 12 --out_dir output/amalgkit/pbarbatus_test5/quant --redo no --keep_fastq no --build_index yes
2026-01-02 14:37:08 | INFO | metainformant.rna.amalgkit | Running amalgkit command: amalgkit quant --threads 12 --out_dir output/amalgkit/pbarbatus_test5/quant --redo no --keep_fastq no --build_index yes
2026-01-02 14:37:08 | ERROR | metainformant.rna.workflow | Step quant failed with return code 2
2026-01-02 14:37:08 | ERROR | metainformant.rna.workflow | Error output: usage: amalgkit [-h] [--version]
                {metadata,select,getfastq,quant,merge,cstmm,csca,curate,sanity,integrate,config,help}
                ...
amalgkit: error: unrecognized arguments: --keep_fastq no

2026-01-02 14:37:08 | INFO | metainformant.rna.workflow | Executing step: merge
2026-01-02 14:37:08 | INFO | metainformant.rna.workflow | Command: amalgkit merge --out output/amalgkit/pbarbatus_test5/merged/merged_abundance.tsv --out_dir output/amalgkit/pbarbatus_test5/merged
2026-01-02 14:37:08 | INFO | metainformant.rna.amalgkit | Running amalgkit command: amalgkit merge --out output/amalgkit/pbarbatus_test5/merged/merged_abundance.tsv --out_dir output/amalgkit/pbarbatus_test5/merged
2026-01-02 14:37:09 | ERROR | metainformant.rna.workflow | Step merge failed with return code 1
2026-01-02 14:37:09 | ERROR | metainformant.rna.workflow | Error output: Traceback (most recent call last):
  File "/home/q/.local/bin/amalgkit", line 398, in <module>
    args.handler(args)
  File "/home/q/.local/bin/amalgkit", line 78, in command_merge
    merge_main(args)
  File "/home/q/.local/lib/python3.11/site-packages/amalgkit/merge.py", line 12, in merge_main
    metadata = load_metadata(args)
               ^^^^^^^^^^^^^^^^^^^
  File "/home/q/.local/lib/python3.11/site-packages/amalgkit/util.py", line 389, in load_metadata
    df = pandas.read_csv(real_path, sep='\t', header=0, low_memory=False)
         ^^^^^^^^^^^^^^^^^^^^^^^^^^^^^^^^^^^^^^^^^^^^^^^^^^^^^^^^^^^^^^^^
  File "/usr/lib/python3/dist-packages/pandas/util/_decorators.py", line 211, in wrapper
    return func(*args, **kwargs)
           ^^^^^^^^^^^^^^^^^^^^^
  File "/usr/lib/python3/dist-packages/pandas/util/_decorators.py", line 331, in wrapper
    return func(*args, **kwargs)
           ^^^^^^^^^^^^^^^^^^^^^
  File "/usr/lib/python3/dist-packages/pandas/io/parsers/readers.py", line 950, in read_csv
    return _read(filepath_or_buffer, kwds)
           ^^^^^^^^^^^^^^^^^^^^^^^^^^^^^^^
  File "/usr/lib/python3/dist-packages/pandas/io/parsers/readers.py", line 605, in _read
    parser = TextFileReader(filepath_or_buffer, **kwds)
             ^^^^^^^^^^^^^^^^^^^^^^^^^^^^^^^^^^^^^^^^^^
  File "/usr/lib/python3/dist-packages/pandas/io/parsers/readers.py", line 1442, in __init__
    self._engine = self._make_engine(f, self.engine)
                   ^^^^^^^^^^^^^^^^^^^^^^^^^^^^^^^^^
  File "/usr/lib/python3/dist-packages/pandas/io/parsers/readers.py", line 1735, in _make_engine
    self.handles = get_handle(
                   ^^^^^^^^^^^
  File "/usr/lib/python3/dist-packages/pandas/io/common.py", line 856, in get_handle
    handle = open(
             ^^^^^
FileNotFoundError: [Errno 2] No such file or directory: '/home/q/Documents/MetaInformAnt/output/amalgkit/pbarbatus_test5/merged/metadata/metadata.tsv'

2026-01-02 14:37:09 | INFO | metainformant.rna.workflow | Executing step: cstmm
2026-01-02 14:37:09 | INFO | metainformant.rna.workflow | Command: amalgkit cstmm --out_dir output/amalgkit/pbarbatus_test5/cstmm
2026-01-02 14:37:09 | INFO | metainformant.rna.amalgkit | Running amalgkit command: amalgkit cstmm --out_dir output/amalgkit/pbarbatus_test5/cstmm
2026-01-02 14:37:09 | ERROR | metainformant.rna.workflow | Step cstmm failed with return code 1
2026-01-02 14:37:09 | ERROR | metainformant.rna.workflow | Error output: Traceback (most recent call last):
  File "/home/q/.local/bin/amalgkit", line 398, in <module>
    args.handler(args)
  File "/home/q/.local/bin/amalgkit", line 62, in command_cstmm
    cstmm_main(args)
  File "/home/q/.local/lib/python3.11/site-packages/amalgkit/cstmm.py", line 47, in cstmm_main
    check_ortholog_parameter_compatibility(args)
  File "/home/q/.local/lib/python3.11/site-packages/amalgkit/util.py", line 565, in check_ortholog_parameter_compatibility
    raise Exception('One of --orthogroup_table and --dir_busco should be specified.')
Exception: One of --orthogroup_table and --dir_busco should be specified.

2026-01-02 14:37:09 | INFO | metainformant.rna.workflow | Executing step: curate
2026-01-02 14:37:09 | INFO | metainformant.rna.workflow | Command: amalgkit curate --out_dir output/amalgkit/pbarbatus_test5/curate
2026-01-02 14:37:09 | INFO | metainformant.rna.amalgkit | Running amalgkit command: amalgkit curate --out_dir output/amalgkit/pbarbatus_test5/curate
2026-01-02 14:37:09 | ERROR | metainformant.rna.workflow | Step curate failed with return code 1
2026-01-02 14:37:09 | ERROR | metainformant.rna.workflow | Error output: Traceback (most recent call last):
  File "/home/q/.local/bin/amalgkit", line 398, in <module>
    args.handler(args)
  File "/home/q/.local/bin/amalgkit", line 70, in command_curate
    curate_main(args)
  File "/home/q/.local/lib/python3.11/site-packages/amalgkit/curate.py", line 88, in curate_main
    metadata = load_metadata(args, dir_subcommand='merge')
               ^^^^^^^^^^^^^^^^^^^^^^^^^^^^^^^^^^^^^^^^^^^
  File "/home/q/.local/lib/python3.11/site-packages/amalgkit/util.py", line 389, in load_metadata
    df = pandas.read_csv(real_path, sep='\t', header=0, low_memory=False)
         ^^^^^^^^^^^^^^^^^^^^^^^^^^^^^^^^^^^^^^^^^^^^^^^^^^^^^^^^^^^^^^^^
  File "/usr/lib/python3/dist-packages/pandas/util/_decorators.py", line 211, in wrapper
    return func(*args, **kwargs)
           ^^^^^^^^^^^^^^^^^^^^^
  File "/usr/lib/python3/dist-packages/pandas/util/_decorators.py", line 331, in wrapper
    return func(*args, **kwargs)
           ^^^^^^^^^^^^^^^^^^^^^
  File "/usr/lib/python3/dist-packages/pandas/io/parsers/readers.py", line 950, in read_csv
    return _read(filepath_or_buffer, kwds)
           ^^^^^^^^^^^^^^^^^^^^^^^^^^^^^^^
  File "/usr/lib/python3/dist-packages/pandas/io/parsers/readers.py", line 605, in _read
    parser = TextFileReader(filepath_or_buffer, **kwds)
             ^^^^^^^^^^^^^^^^^^^^^^^^^^^^^^^^^^^^^^^^^^
  File "/usr/lib/python3/dist-packages/pandas/io/parsers/readers.py", line 1442, in __init__
    self._engine = self._make_engine(f, self.engine)
                   ^^^^^^^^^^^^^^^^^^^^^^^^^^^^^^^^^
  File "/usr/lib/python3/dist-packages/pandas/io/parsers/readers.py", line 1735, in _make_engine
    self.handles = get_handle(
                   ^^^^^^^^^^^
  File "/usr/lib/python3/dist-packages/pandas/io/common.py", line 856, in get_handle
    handle = open(
             ^^^^^
FileNotFoundError: [Errno 2] No such file or directory: '/home/q/Documents/MetaInformAnt/output/amalgkit/pbarbatus_test5/curate/merge/metadata.tsv'

2026-01-02 14:37:09 | INFO | metainformant.rna.workflow | Executing step: csca
2026-01-02 14:37:09 | INFO | metainformant.rna.workflow | Command: amalgkit csca --out_dir output/amalgkit/pbarbatus_test5/csca
2026-01-02 14:37:09 | INFO | metainformant.rna.amalgkit | Running amalgkit command: amalgkit csca --out_dir output/amalgkit/pbarbatus_test5/csca
2026-01-02 14:37:10 | ERROR | metainformant.rna.workflow | Step csca failed with return code 1
2026-01-02 14:37:10 | ERROR | metainformant.rna.workflow | Error output: Traceback (most recent call last):
  File "/home/q/.local/bin/amalgkit", line 398, in <module>
    args.handler(args)
  File "/home/q/.local/bin/amalgkit", line 102, in command_csca
    csca_main(args)
  File "/home/q/.local/lib/python3.11/site-packages/amalgkit/csca.py", line 41, in csca_main
    check_ortholog_parameter_compatibility(args)
  File "/home/q/.local/lib/python3.11/site-packages/amalgkit/util.py", line 565, in check_ortholog_parameter_compatibility
    raise Exception('One of --orthogroup_table and --dir_busco should be specified.')
Exception: One of --orthogroup_table and --dir_busco should be specified.

2026-01-02 14:37:10 | INFO | metainformant.rna.workflow | Executing step: sanity
2026-01-02 14:37:10 | INFO | metainformant.rna.workflow | Command: amalgkit sanity --out_dir output/amalgkit/pbarbatus_test5/work
2026-01-02 14:37:10 | INFO | metainformant.rna.amalgkit | Running amalgkit command: amalgkit sanity --out_dir output/amalgkit/pbarbatus_test5/work
2026-01-02 14:37:10 | INFO | metainformant.rna.workflow | Step sanity completed successfully
2026-01-02 14:37:10 | INFO | metainformant.rna.workflow | Workflow completed: 3/11 steps successful
2026-01-02 14:37:10 | INFO | metainformant.rna.orchestration | Workflow completed for Pogonomyrmex_barbatus: FAILED
2026-01-02 14:37:10 | ERROR | run_workflow | ‚ùå Workflow failed: 0 steps failed
