<?xml version="1.0" ?>
<testsuites name="METAINFORMANT Examples" tests="31" failures="3" time="9.08735966682434">
  <testsuite name="examples" tests="31" failures="3" time="9.08735966682434">
    <testcase name="core/example_config.py" classname="examples.core" time="0.062410831451416016"/>
    <testcase name="core/example_io.py" classname="examples.core" time="0.3425259590148926"/>
    <testcase name="core/example_logging.py" classname="examples.core" time="0.685204029083252"/>
    <testcase name="core/example_paths.py" classname="examples.core" time="0.06501483917236328"/>
    <testcase name="core/example_workflow.py" classname="examples.core" time="0.06358718872070312"/>
    <testcase name="dna/example_alignment.py" classname="examples.dna" time="0.06299901008605957">
      <failure message="Non-zero exit code: 1" type="failed">Traceback (most recent call last):
  File "/Users/4d/Documents/GitHub/MetaInformAnt/examples/dna/example_alignment.py", line 17, in &lt;module&gt;
    from metainformant.dna import alignment
  File "/Users/4d/Documents/GitHub/MetaInformAnt/src/metainformant/dna/alignment.py", line 5, in &lt;module&gt;
    from Bio.Align import PairwiseAligner
ModuleNotFoundError: No module named 'Bio'
</failure>
    </testcase>
    <testcase name="dna/example_phylogeny.py" classname="examples.dna" time="0.061354875564575195">
      <failure message="Non-zero exit code: 1" type="failed">Traceback (most recent call last):
  File "/Users/4d/Documents/GitHub/MetaInformAnt/examples/dna/example_phylogeny.py", line 17, in &lt;module&gt;
    from metainformant.dna import phylogeny
  File "/Users/4d/Documents/GitHub/MetaInformAnt/src/metainformant/dna/phylogeny.py", line 6, in &lt;module&gt;
    from Bio import Phylo
ModuleNotFoundError: No module named 'Bio'
</failure>
    </testcase>
    <testcase name="dna/example_population.py" classname="examples.dna" time="0.523979902267456"/>
    <testcase name="dna/example_sequences.py" classname="examples.dna" time="0.061097145080566406">
      <failure message="Non-zero exit code: 1" type="failed">Traceback (most recent call last):
  File "/Users/4d/Documents/GitHub/MetaInformAnt/examples/dna/example_sequences.py", line 17, in &lt;module&gt;
    from metainformant.dna import sequences
  File "/Users/4d/Documents/GitHub/MetaInformAnt/src/metainformant/dna/sequences.py", line 6, in &lt;module&gt;
    from Bio import SeqIO
ModuleNotFoundError: No module named 'Bio'
</failure>
    </testcase>
    <testcase name="ecology/example_community.py" classname="examples.ecology" time="0.23298382759094238"/>
    <testcase name="epigenome/example_methylation.py" classname="examples.epigenome" time="0.09618902206420898"/>
    <testcase name="gwas/example_association.py" classname="examples.gwas" time="0.9639010429382324"/>
    <testcase name="gwas/example_visualization.py" classname="examples.gwas" time="0.8197100162506104"/>
    <testcase name="information/example_entropy.py" classname="examples.information" time="0.0885932445526123"/>
    <testcase name="integration/example_complete_workflow.py" classname="examples.integration" time="2.49717378616333"/>
    <testcase name="integration/example_dna_rna.py" classname="examples.integration" time="0.09410881996154785"/>
    <testcase name="integration/example_multiomics.py" classname="examples.integration" time="0.09367990493774414"/>
    <testcase name="life_events/example_events.py" classname="examples.life_events" time="0.05888795852661133"/>
    <testcase name="math/example_dynamics.py" classname="examples.math" time="0.08394598960876465"/>
    <testcase name="ml/example_pipeline.py" classname="examples.ml" time="0.2748441696166992"/>
    <testcase name="multiomics/example_integration.py" classname="examples.multiomics" time="0.09204816818237305"/>
    <testcase name="networks/example_networks.py" classname="examples.networks" time="0.22957205772399902"/>
    <testcase name="ontology/example_go.py" classname="examples.ontology" time="0.061128854751586914"/>
    <testcase name="phenotype/example_traits.py" classname="examples.phenotype" time="0.09261107444763184"/>
    <testcase name="protein/example_sequences.py" classname="examples.protein" time="0.059564828872680664"/>
    <testcase name="quality/example_qc.py" classname="examples.quality" time="0.058589935302734375"/>
    <testcase name="rna/example_amalgkit.py" classname="examples.rna" time="0.11869406700134277"/>
    <testcase name="rna/example_quantification.py" classname="examples.rna" time="0.061129093170166016"/>
    <testcase name="simulation/example_simulation.py" classname="examples.simulation" time="0.09194803237915039"/>
    <testcase name="singlecell/example_scrna.py" classname="examples.singlecell" time="0.0917351245880127"/>
    <testcase name="visualization/example_plots.py" classname="examples.visualization" time="0.8981468677520752"/>
  </testsuite>
</testsuites>
