<?xml version="1.0" ?>
<testsuites name="METAINFORMANT Examples" tests="31" failures="2" time="1273.2634041309357">
  <testsuite name="examples" tests="31" failures="2" time="1273.2634041309357">
    <testcase name="core/example_config.py" classname="examples.core" time="5.912024974822998"/>
    <testcase name="core/example_io.py" classname="examples.core" time="45.050620317459106">
      <failure message="Non-zero exit code: 1" type="failed">Traceback (most recent call last):
  File &quot;/Volumes/blue/metainformant/examples/core/example_io.py&quot;, line 182, in &lt;module&gt;
    main()
  File &quot;/Volumes/blue/metainformant/examples/core/example_io.py&quot;, line 107, in main
    loaded_jsonl_gz = list(io.read_jsonl(jsonl_gz_file))
                      ^^^^^^^^^^^^^^^^^^^^^^^^^^^^^^^^^^
  File &quot;/Volumes/blue/metainformant/src/metainformant/core/io/io.py&quot;, line 238, in read_jsonl
    for line in fh:
  File &quot;/Users/mini/.local/share/uv/python/cpython-3.11.14-macos-aarch64-none/lib/python3.11/gzip.py&quot;, line 314, in read1
    return self._buffer.read1(size)
           ^^^^^^^^^^^^^^^^^^^^^^^^
  File &quot;/Users/mini/.local/share/uv/python/cpython-3.11.14-macos-aarch64-none/lib/python3.11/_compression.py&quot;, line 68, in readinto
    data = self.read(len(byte_view))
           ^^^^^^^^^^^^^^^^^^^^^^^^^
  File &quot;/Users/mini/.local/share/uv/python/cpython-3.11.14-macos-aarch64-none/lib/python3.11/gzip.py&quot;, line 499, in read
    if not self._read_gzip_header</failure>
    </testcase>
    <testcase name="core/example_logging.py" classname="examples.core" time="6.125813961029053"/>
    <testcase name="core/example_paths.py" classname="examples.core" time="5.7220892906188965"/>
    <testcase name="core/example_workflow.py" classname="examples.core" time="205.38811588287354"/>
    <testcase name="dna/example_alignment.py" classname="examples.dna" time="81.58993005752563"/>
    <testcase name="dna/example_phylogeny.py" classname="examples.dna" time="95.01032900810242"/>
    <testcase name="dna/example_population.py" classname="examples.dna" time="50.34540390968323"/>
    <testcase name="dna/example_sequences.py" classname="examples.dna" time="33.83057689666748"/>
    <testcase name="ecology/example_community.py" classname="examples.ecology" time="20.992393255233765">
      <failure message="Non-zero exit code: 1" type="failed">Traceback (most recent call last):
  File &quot;/Volumes/blue/metainformant/examples/ecology/example_community.py&quot;, line 65, in &lt;module&gt;
    main()
  File &quot;/Volumes/blue/metainformant/examples/ecology/example_community.py&quot;, line 43, in main
    metrics = community_metrics(site_abundances)
              ^^^^^^^^^^^^^^^^^^^^^^^^^^^^^^^^^^
  File &quot;/Volumes/blue/metainformant/src/metainformant/ecology/analysis/community.py&quot;, line 796, in community_metrics
    &quot;richness&quot;: species_richness_simple(abundances),
                ^^^^^^^^^^^^^^^^^^^^^^^^^^^^^^^^^^^
  File &quot;/Volumes/blue/metainformant/src/metainformant/ecology/analysis/community.py&quot;, line 700, in species_richness_simple
    if not abundances:
ValueError: The truth value of an array with more than one element is ambiguous. Use a.any() or a.all()
</failure>
    </testcase>
    <testcase name="epigenome/example_methylation.py" classname="examples.epigenome" time="4.916173219680786"/>
    <testcase name="gwas/example_association.py" classname="examples.gwas" time="174.4056520462036"/>
    <testcase name="gwas/example_visualization.py" classname="examples.gwas" time="42.15714406967163"/>
    <testcase name="information/example_entropy.py" classname="examples.information" time="31.569485187530518"/>
    <testcase name="integration/example_complete_workflow.py" classname="examples.integration" time="9.343334913253784"/>
    <testcase name="integration/example_dna_rna.py" classname="examples.integration" time="16.18485116958618"/>
    <testcase name="integration/example_multiomics.py" classname="examples.integration" time="6.936299085617065"/>
    <testcase name="life_events/example_events.py" classname="examples.life_events" time="2.5104048252105713"/>
    <testcase name="math/example_dynamics.py" classname="examples.math" time="1.5258619785308838"/>
    <testcase name="ml/example_pipeline.py" classname="examples.ml" time="261.7025909423828"/>
    <testcase name="multiomics/example_integration.py" classname="examples.multiomics" time="2.1373658180236816"/>
    <testcase name="networks/example_networks.py" classname="examples.networks" time="22.1611111164093"/>
    <testcase name="ontology/example_go.py" classname="examples.ontology" time="0.2994849681854248"/>
    <testcase name="phenotype/example_traits.py" classname="examples.phenotype" time="0.2018578052520752"/>
    <testcase name="protein/example_sequences.py" classname="examples.protein" time="1.0192680358886719"/>
    <testcase name="quality/example_qc.py" classname="examples.quality" time="0.09755396842956543"/>
    <testcase name="rna/example_amalgkit.py" classname="examples.rna" time="36.76007866859436"/>
    <testcase name="rna/example_quantification.py" classname="examples.rna" time="3.622788906097412"/>
    <testcase name="simulation/example_simulation.py" classname="examples.simulation" time="2.281639814376831"/>
    <testcase name="singlecell/example_scrna.py" classname="examples.singlecell" time="1.4567489624023438"/>
    <testcase name="visualization/example_plots.py" classname="examples.visualization" time="102.00641107559204"/>
  </testsuite>
</testsuites>
